\BOOKMARK [1][-]{section.1}{Introduction}{}% 1
\BOOKMARK [2][-]{subsection.1.1}{Image Dataset}{section.1}% 2
\BOOKMARK [1][-]{section.2}{SIFT Descriptors}{}% 3
\BOOKMARK [1][-]{section.3}{Bag of Visual Words \(BovW\)}{}% 4
\BOOKMARK [1][-]{section.4}{VLAD}{}% 5
\BOOKMARK [1][-]{section.5}{Fisher Vector}{}% 6
\BOOKMARK [1][-]{section.6}{Classification Algorithms}{}% 7
\BOOKMARK [2][-]{subsection.6.1}{k-Nearest Neighbor Classification}{section.6}% 8
\BOOKMARK [2][-]{subsection.6.2}{Random Forest}{section.6}% 9
\BOOKMARK [2][-]{subsection.6.3}{Neural Networks}{section.6}% 10
\BOOKMARK [1][-]{section.7}{Comparison}{}% 11
\BOOKMARK [1][-]{section.8}{Confusion Matrix}{}% 12
\BOOKMARK [2][-]{subsection.8.1}{BagOfVisualWords}{section.8}% 13
\BOOKMARK [2][-]{subsection.8.2}{Fisher Vector}{section.8}% 14
\BOOKMARK [2][-]{subsection.8.3}{VLAD}{section.8}% 15
\BOOKMARK [1][-]{section.9}{Source Code Repository}{}% 16
\BOOKMARK [2][-]{subsection.9.1}{K-nearest Neighbors Classifier }{section.9}% 17
\BOOKMARK [2][-]{subsection.9.2}{Gaussian Naive Bayes Classifier }{section.9}% 18
\BOOKMARK [2][-]{subsection.9.3}{Random Forest Classifier }{section.9}% 19
\BOOKMARK [2][-]{subsection.9.4}{One-vs-the-rest Classifier }{section.9}% 20
\BOOKMARK [2][-]{subsection.9.5}{Multi-layer Perceptron Classifier }{section.9}% 21
\BOOKMARK [2][-]{subsection.9.6}{Jupyter Notebooks}{section.9}% 22
\BOOKMARK [1][-]{section.10}{Conclusions}{}% 23
